{
  "RSpec": {
    "coverage": {
      "/home/sopharsogood/code/tic-tac-toe-rb/lib/tic_tac_toe.rb": [
        1,
        12,
        17,
        null,
        12,
        5,
        null,
        7,
        null,
        null,
        null,
        1,
        24,
        24,
        24,
        24,
        24,
        null,
        null,
        1,
        23,
        null,
        null,
        1,
        22,
        null,
        null,
        1,
        158,
        null,
        null,
        1,
        23,
        null,
        null,
        1,
        20,
        20,
        20,
        20,
        19,
        19,
        null,
        1,
        1,
        null,
        null,
        null,
        1,
        41,
        41,
        369,
        57,
        null,
        null,
        41,
        null,
        null,
        1,
        40,
        28,
        null,
        12,
        null,
        null,
        null,
        null,
        1,
        null,
        null,
        null,
        null,
        null,
        null,
        null,
        null,
        null,
        1,
        50,
        355,
        143,
        12,
        null,
        null,
        null,
        null,
        null,
        null,
        1,
        7,
        33,
        10,
        4,
        6,
        2,
        null,
        null,
        null,
        null,
        null,
        null,
        1,
        167,
        null,
        null,
        1,
        21,
        null,
        null,
        1,
        20,
        null
      ]
    },
    "timestamp": 1626285469
  }
}
